<?xml version="1.0" encoding="UTF-8"?>
<testsuites name="jest tests" tests="2" failures="0" errors="0" time="0.631">
  <testsuite name="DB flow (converted from app/debug/db.tsx)" errors="0" failures="0" skipped="0" timestamp="2025-09-03T05:20:44" time="0.328" tests="2">
    <testcase classname="DB flow (converted from app/debug/db.tsx) runs the full happy path and succeeds" name="DB flow (converted from app/debug/db.tsx) runs the full happy path and succeeds" time="0.004">
    </testcase>
    <testcase classname="DB flow (converted from app/debug/db.tsx) fails early if the users table is missing" name="DB flow (converted from app/debug/db.tsx) fails early if the users table is missing" time="0.005">
    </testcase>
  </testsuite>
</testsuites>